{"numFailedTestSuites":0,"numFailedTests":0,"numPassedTestSuites":1,"numPassedTests":1,"numPendingTestSuites":0,"numPendingTests":0,"numRuntimeErrorTestSuites":0,"numTodoTests":0,"numTotalTestSuites":1,"numTotalTests":1,"openHandles":[],"snapshot":{"added":0,"didUpdate":false,"failure":false,"filesAdded":0,"filesRemoved":0,"filesRemovedList":[],"filesUnmatched":0,"filesUpdated":0,"matched":0,"total":0,"unchecked":0,"uncheckedKeysByFile":[],"unmatched":0,"updated":0},"startTime":1767177212623,"success":true,"testResults":[{"assertionResults":[{"ancestorTitles":[],"duration":2,"failureDetails":[],"failureMessages":[],"fullName":"smoke","invocations":1,"location":null,"numPassingAsserts":1,"retryReasons":[],"status":"passed","title":"smoke"}],"endTime":1767177213003,"message":"","name":"/home/kavia/workspace/code-generation/sqa_cm-performance_tool-3731-4292/WebFrontend/__tests__/smoke.test.js","startTime":1767177212658,"status":"passed","summary":""}],"wasInterrupted":false}
